This is pdfTeX, Version 3.1415926-2.3-1.40.12 (MiKTeX 2.9 64-bit) (preloaded format=pdflatex 2013.5.10)  2 JUL 2013 15:59
entering extended mode
**bipartite.tex
(C:\work\lab\phd\workspace\bipartite\bipartite.tex
LaTeX2e <2011/06/27>
Babel <v3.8m> and hyphenation patterns for english, afrikaans, ancientgreek, ar
abic, armenian, assamese, basque, bengali, bokmal, bulgarian, catalan, coptic, 
croatian, czech, danish, dutch, esperanto, estonian, farsi, finnish, french, ga
lician, german, german-x-2009-06-19, greek, gujarati, hindi, hungarian, iceland
ic, indonesian, interlingua, irish, italian, kannada, kurmanji, lao, latin, lat
vian, lithuanian, malayalam, marathi, mongolian, mongolianlmc, monogreek, ngerm
an, ngerman-x-2009-06-19, nynorsk, oriya, panjabi, pinyin, polish, portuguese, 
romanian, russian, sanskrit, serbian, slovak, slovenian, spanish, swedish, swis
sgerman, tamil, telugu, turkish, turkmen, ukenglish, ukrainian, uppersorbian, u
senglishmax, welsh, loaded.
("C:\Program Files\MiKTeX 2.9\tex\latex\base\article.cls"
Document Class: article 2007/10/19 v1.4h Standard LaTeX document class
("C:\Program Files\MiKTeX 2.9\tex\latex\base\size12.clo"
File: size12.clo 2007/10/19 v1.4h Standard LaTeX file (size option)
)
\c@part=\count79
\c@section=\count80
\c@subsection=\count81
\c@subsubsection=\count82
\c@paragraph=\count83
\c@subparagraph=\count84
\c@figure=\count85
\c@table=\count86
\abovecaptionskip=\skip41
\belowcaptionskip=\skip42
\bibindent=\dimen102
)
("C:\Program Files\MiKTeX 2.9\tex\latex\psnfss\times.sty"
Package: times 2005/04/12 PSNFSS-v9.2a (SPQR) 
)
("C:\Program Files\MiKTeX 2.9\tex\latex\graphics\graphicx.sty"
Package: graphicx 1999/02/16 v1.0f Enhanced LaTeX Graphics (DPC,SPQR)

("C:\Program Files\MiKTeX 2.9\tex\latex\graphics\keyval.sty"
Package: keyval 1999/03/16 v1.13 key=value parser (DPC)
\KV@toks@=\toks14
)
("C:\Program Files\MiKTeX 2.9\tex\latex\graphics\graphics.sty"
Package: graphics 2009/02/05 v1.0o Standard LaTeX Graphics (DPC,SPQR)

("C:\Program Files\MiKTeX 2.9\tex\latex\graphics\trig.sty"
Package: trig 1999/03/16 v1.09 sin cos tan (DPC)
)
("C:\Program Files\MiKTeX 2.9\tex\latex\00miktex\graphics.cfg"
File: graphics.cfg 2007/01/18 v1.5 graphics configuration of teTeX/TeXLive
)
Package graphics Info: Driver file: pdftex.def on input line 91.

("C:\Program Files\MiKTeX 2.9\tex\latex\pdftex-def\pdftex.def"
File: pdftex.def 2011/05/27 v0.06d Graphics/color for pdfTeX

("C:\Program Files\MiKTeX 2.9\tex\generic\oberdiek\infwarerr.sty"
Package: infwarerr 2010/04/08 v1.3 Providing info/warning/error messages (HO)
)
("C:\Program Files\MiKTeX 2.9\tex\generic\oberdiek\ltxcmds.sty"
Package: ltxcmds 2011/11/09 v1.22 LaTeX kernel commands for general use (HO)
)
\Gread@gobject=\count87
))
\Gin@req@height=\dimen103
\Gin@req@width=\dimen104
)
(C:\work\lab\phd\workspace\bipartite\common.sty
("C:\Program Files\MiKTeX 2.9\tex\latex\amsfonts\amsfonts.sty"
Package: amsfonts 2009/06/22 v3.00 Basic AMSFonts support
\@emptytoks=\toks15
\symAMSa=\mathgroup4
\symAMSb=\mathgroup5
LaTeX Font Info:    Overwriting math alphabet `\mathfrak' in version `bold'
(Font)                  U/euf/m/n --> U/euf/b/n on input line 96.
)
("C:\Program Files\MiKTeX 2.9\tex\latex\ams\math\amsmath.sty"
Package: amsmath 2000/07/18 v2.13 AMS math features
\@mathmargin=\skip43

For additional information on amsmath, use the `?' option.
("C:\Program Files\MiKTeX 2.9\tex\latex\ams\math\amstext.sty"
Package: amstext 2000/06/29 v2.01

("C:\Program Files\MiKTeX 2.9\tex\latex\ams\math\amsgen.sty"
File: amsgen.sty 1999/11/30 v2.0
\@emptytoks=\toks16
\ex@=\dimen105
))
("C:\Program Files\MiKTeX 2.9\tex\latex\ams\math\amsbsy.sty"
Package: amsbsy 1999/11/29 v1.2d
\pmbraise@=\dimen106
)
("C:\Program Files\MiKTeX 2.9\tex\latex\ams\math\amsopn.sty"
Package: amsopn 1999/12/14 v2.01 operator names
)
\inf@bad=\count88
LaTeX Info: Redefining \frac on input line 211.
\uproot@=\count89
\leftroot@=\count90
LaTeX Info: Redefining \overline on input line 307.
\classnum@=\count91
\DOTSCASE@=\count92
LaTeX Info: Redefining \ldots on input line 379.
LaTeX Info: Redefining \dots on input line 382.
LaTeX Info: Redefining \cdots on input line 467.
\Mathstrutbox@=\box26
\strutbox@=\box27
\big@size=\dimen107
LaTeX Font Info:    Redeclaring font encoding OML on input line 567.
LaTeX Font Info:    Redeclaring font encoding OMS on input line 568.
\macc@depth=\count93
\c@MaxMatrixCols=\count94
\dotsspace@=\muskip10
\c@parentequation=\count95
\dspbrk@lvl=\count96
\tag@help=\toks17
\row@=\count97
\column@=\count98
\maxfields@=\count99
\andhelp@=\toks18
\eqnshift@=\dimen108
\alignsep@=\dimen109
\tagshift@=\dimen110
\tagwidth@=\dimen111
\totwidth@=\dimen112
\lineht@=\dimen113
\@envbody=\toks19
\multlinegap=\skip44
\multlinetaggap=\skip45
\mathdisplay@stack=\toks20
LaTeX Info: Redefining \[ on input line 2666.
LaTeX Info: Redefining \] on input line 2667.
)
\c@algorCounter=\count100
\c@plainAlgorCounter=\count101
\c@smallPlainAlgorCounter=\count102
)
("C:\Program Files\MiKTeX 2.9\tex\latex\ltxmisc\url.sty"
\Urlmuskip=\muskip11
Package: url 2006/04/12  ver 3.3  Verb mode for urls, etc.
)
("C:\Program Files\MiKTeX 2.9\tex\latex\hyperref\hyperref.sty"
Package: hyperref 2012/05/13 v6.82q Hypertext links for LaTeX

("C:\Program Files\MiKTeX 2.9\tex\generic\oberdiek\hobsub-hyperref.sty"
Package: hobsub-hyperref 2012/04/25 v1.12 Bundle oberdiek, subset hyperref (HO)


("C:\Program Files\MiKTeX 2.9\tex\generic\oberdiek\hobsub-generic.sty"
Package: hobsub-generic 2012/04/25 v1.12 Bundle oberdiek, subset generic (HO)
Package: hobsub 2012/04/25 v1.12 Construct package bundles (HO)
Package hobsub Info: Skipping package `infwarerr' (already loaded).
Package hobsub Info: Skipping package `ltxcmds' (already loaded).
Package: ifluatex 2010/03/01 v1.3 Provides the ifluatex switch (HO)
Package ifluatex Info: LuaTeX not detected.
Package: ifvtex 2010/03/01 v1.5 Detect VTeX and its facilities (HO)
Package ifvtex Info: VTeX not detected.
Package: intcalc 2007/09/27 v1.1 Expandable calculations with integers (HO)
Package: ifpdf 2011/01/30 v2.3 Provides the ifpdf switch (HO)
Package ifpdf Info: pdfTeX in PDF mode is detected.
Package: etexcmds 2011/02/16 v1.5 Avoid name clashes with e-TeX commands (HO)
Package etexcmds Info: Could not find \expanded.
(etexcmds)             That can mean that you are not using pdfTeX 1.50 or
(etexcmds)             that some package has redefined \expanded.
(etexcmds)             In the latter case, load this package earlier.
Package: kvsetkeys 2012/04/25 v1.16 Key value parser (HO)
Package: kvdefinekeys 2011/04/07 v1.3 Define keys (HO)
Package: pdftexcmds 2011/11/29 v0.20 Utility functions of pdfTeX for LuaTeX (HO
)
Package pdftexcmds Info: LuaTeX not detected.
Package pdftexcmds Info: \pdf@primitive is available.
Package pdftexcmds Info: \pdf@ifprimitive is available.
Package pdftexcmds Info: \pdfdraftmode found.
Package: pdfescape 2011/11/25 v1.13 Implements pdfTeX's escape features (HO)
Package: bigintcalc 2012/04/08 v1.3 Expandable calculations on big integers (HO
)
Package: bitset 2011/01/30 v1.1 Handle bit-vector datatype (HO)
Package: uniquecounter 2011/01/30 v1.2 Provide unlimited unique counter (HO)
)
Package hobsub Info: Skipping package `hobsub' (already loaded).
Package: letltxmacro 2010/09/02 v1.4 Let assignment for LaTeX macros (HO)
Package: hopatch 2011/06/24 v1.1 Wrapper for package hooks (HO)
Package: xcolor-patch 2011/01/30 xcolor patch
Package: atveryend 2011/06/30 v1.8 Hooks at the very end of document (HO)
Package atveryend Info: \enddocument detected (standard20110627).
Package: atbegshi 2011/10/05 v1.16 At begin shipout hook (HO)
Package: refcount 2011/10/16 v3.4 Data extraction from label references (HO)
Package: hycolor 2011/01/30 v1.7 Color options for hyperref/bookmark (HO)
)
("C:\Program Files\MiKTeX 2.9\tex\generic\ifxetex\ifxetex.sty"
Package: ifxetex 2010/09/12 v0.6 Provides ifxetex conditional
)
("C:\Program Files\MiKTeX 2.9\tex\latex\oberdiek\kvoptions.sty"
Package: kvoptions 2011/06/30 v3.11 Key value format for package options (HO)
)
\@linkdim=\dimen114
\Hy@linkcounter=\count103
\Hy@pagecounter=\count104

("C:\Program Files\MiKTeX 2.9\tex\latex\hyperref\pd1enc.def"
File: pd1enc.def 2012/05/13 v6.82q Hyperref: PDFDocEncoding definition (HO)
)
\Hy@SavedSpaceFactor=\count105

("C:\Program Files\MiKTeX 2.9\tex\latex\00miktex\hyperref.cfg"
File: hyperref.cfg 2002/06/06 v1.2 hyperref configuration of TeXLive
)
Package hyperref Info: Hyper figures OFF on input line 4062.
Package hyperref Info: Link nesting OFF on input line 4067.
Package hyperref Info: Hyper index ON on input line 4070.
Package hyperref Info: Plain pages OFF on input line 4077.
Package hyperref Info: Backreferencing OFF on input line 4082.
Package hyperref Info: Implicit mode ON; LaTeX internals redefined.
Package hyperref Info: Bookmarks ON on input line 4300.
\c@Hy@tempcnt=\count106
LaTeX Info: Redefining \url on input line 4653.
\Fld@menulength=\count107
\Field@Width=\dimen115
\Fld@charsize=\dimen116
Package hyperref Info: Hyper figures OFF on input line 5773.
Package hyperref Info: Link nesting OFF on input line 5778.
Package hyperref Info: Hyper index ON on input line 5781.
Package hyperref Info: backreferencing OFF on input line 5788.
Package hyperref Info: Link coloring OFF on input line 5793.
Package hyperref Info: Link coloring with OCG OFF on input line 5798.
Package hyperref Info: PDF/A mode OFF on input line 5803.
LaTeX Info: Redefining \ref on input line 5843.
LaTeX Info: Redefining \pageref on input line 5847.
\Hy@abspage=\count108
\c@Item=\count109
\c@Hfootnote=\count110
)

Package hyperref Message: Driver (autodetected): hpdftex.

("C:\Program Files\MiKTeX 2.9\tex\latex\hyperref\hpdftex.def"
File: hpdftex.def 2012/05/13 v6.82q Hyperref driver for pdfTeX
\Fld@listcount=\count111
\c@bookmark@seq@number=\count112

("C:\Program Files\MiKTeX 2.9\tex\latex\oberdiek\rerunfilecheck.sty"
Package: rerunfilecheck 2011/04/15 v1.7 Rerun checks for auxiliary files (HO)
Package uniquecounter Info: New unique counter `rerunfilecheck' on input line 2
82.
)
\Hy@SectionHShift=\skip46
)
("C:\Program Files\MiKTeX 2.9\tex\latex\multirow\multirow.sty"
\bigstrutjot=\dimen117
)
("C:\Program Files\MiKTeX 2.9\tex\latex\tools\array.sty"
Package: array 2008/09/09 v2.4c Tabular extension package (FMi)
\col@sep=\dimen118
\extrarowheight=\dimen119
\NC@list=\toks21
\extratabsurround=\skip47
\backup@length=\skip48
)
("C:\Program Files\MiKTeX 2.9\tex\latex\natbib\natbib.sty"
Package: natbib 2010/09/13 8.31b (PWD, AO)
\bibhang=\skip49
\bibsep=\skip50
LaTeX Info: Redefining \cite on input line 694.
\c@NAT@ctr=\count113
)
(C:\Users\sorin_alupoaie\AppData\Roaming\MiKTeX\2.9\tex\latex\subfig\subfig.sty
Package: subfig 2005/06/28 ver: 1.3 subfig package

(C:\Users\sorin_alupoaie\AppData\Roaming\MiKTeX\2.9\tex\latex\caption\caption.s
ty
Package: caption 2012/02/19 v3.2f Customizing captions (AR)

(C:\Users\sorin_alupoaie\AppData\Roaming\MiKTeX\2.9\tex\latex\caption\caption3.
sty
Package: caption3 2012/01/12 v1.4b caption3 kernel (AR)
\captionmargin=\dimen120
\captionmargin@=\dimen121
\captionwidth=\dimen122
\caption@indent=\dimen123
\caption@parindent=\dimen124
\caption@hangindent=\dimen125
)
\c@ContinuedFloat=\count114
Package caption Info: hyperref package is loaded.
)
\c@KVtest=\count115
\sf@farskip=\skip51
\sf@captopadj=\dimen126
\sf@capskip=\skip52
\sf@nearskip=\skip53
\c@subfigure=\count116
\c@subfigure@save=\count117
\c@lofdepth=\count118
\c@subtable=\count119
\c@subtable@save=\count120
\c@lotdepth=\count121
\sf@top=\skip54
\sf@bottom=\skip55
) (C:\work\lab\phd\workspace\bipartite\bipartite.aux)
LaTeX Font Info:    Checking defaults for OML/cmm/m/it on input line 24.
LaTeX Font Info:    ... okay on input line 24.
LaTeX Font Info:    Checking defaults for T1/cmr/m/n on input line 24.
LaTeX Font Info:    ... okay on input line 24.
LaTeX Font Info:    Checking defaults for OT1/cmr/m/n on input line 24.
LaTeX Font Info:    ... okay on input line 24.
LaTeX Font Info:    Checking defaults for OMS/cmsy/m/n on input line 24.
LaTeX Font Info:    ... okay on input line 24.
LaTeX Font Info:    Checking defaults for OMX/cmex/m/n on input line 24.
LaTeX Font Info:    ... okay on input line 24.
LaTeX Font Info:    Checking defaults for U/cmr/m/n on input line 24.
LaTeX Font Info:    ... okay on input line 24.
LaTeX Font Info:    Checking defaults for PD1/pdf/m/n on input line 24.
LaTeX Font Info:    ... okay on input line 24.
LaTeX Font Info:    Try loading font information for OT1+ptm on input line 24.

("C:\Program Files\MiKTeX 2.9\tex\latex\psnfss\ot1ptm.fd"
File: ot1ptm.fd 2001/06/04 font definitions for OT1/ptm.
)
("C:\Program Files\MiKTeX 2.9\tex\context\base\supp-pdf.mkii"
[Loading MPS to PDF converter (version 2006.09.02).]
\scratchcounter=\count122
\scratchdimen=\dimen127
\scratchbox=\box28
\nofMPsegments=\count123
\nofMParguments=\count124
\everyMPshowfont=\toks22
\MPscratchCnt=\count125
\MPscratchDim=\dimen128
\MPnumerator=\count126
\makeMPintoPDFobject=\count127
\everyMPtoPDFconversion=\toks23
)
\AtBeginShipoutBox=\box29
Package hyperref Info: Link coloring OFF on input line 24.
 ("C:\Program Files\MiKTeX 2.9\tex\latex\hyperref\nameref.sty"
Package: nameref 2010/04/30 v2.40 Cross-referencing by name of section

("C:\Program Files\MiKTeX 2.9\tex\generic\oberdiek\gettitlestring.sty"
Package: gettitlestring 2010/12/03 v1.4 Cleanup title references (HO)
)
\c@section@level=\count128
)
LaTeX Info: Redefining \ref on input line 24.
LaTeX Info: Redefining \pageref on input line 24.
LaTeX Info: Redefining \nameref on input line 24.

(C:\work\lab\phd\workspace\bipartite\bipartite.out)
(C:\work\lab\phd\workspace\bipartite\bipartite.out)
\@outlinefile=\write3
Package caption Info: Begin \AtBeginDocument code.
Package caption Info: subfig package v1.3 is loaded.
Package caption Info: End \AtBeginDocument code.
LaTeX Font Info:    Try loading font information for U+msa on input line 26.

("C:\Program Files\MiKTeX 2.9\tex\latex\amsfonts\umsa.fd"
File: umsa.fd 2009/06/22 v3.00 AMS symbols A
)
LaTeX Font Info:    Try loading font information for U+msb on input line 26.

("C:\Program Files\MiKTeX 2.9\tex\latex\amsfonts\umsb.fd"
File: umsb.fd 2009/06/22 v3.00 AMS symbols B
)
LaTeX Font Info:    Try loading font information for OT1+pcr on input line 26.

("C:\Program Files\MiKTeX 2.9\tex\latex\psnfss\ot1pcr.fd"
File: ot1pcr.fd 2001/06/04 font definitions for OT1/pcr.
)
LaTeX Font Info:    Font shape `OT1/ptm/bx/n' in size <10.95> not available
(Font)              Font shape `OT1/ptm/b/n' tried instead on input line 27.

Overfull \hbox (1.83286pt too wide) in paragraph at lines 28--39
\OT1/ptm/m/n/10.95 have cer-tain char-ac-ter-is-tics and chal-lenges that dif-f
er-en-ti-ates them from other
 []

(C:\work\lab\phd\workspace\bipartite\intro.tex
LaTeX Font Info:    Font shape `OT1/ptm/bx/n' in size <17.28> not available
(Font)              Font shape `OT1/ptm/b/n' tried instead on input line 3.
 [1

{C:/Users/sorin_alupoaie/AppData/Local/MiKTeX/2.9/pdftex/config/pdftex.map}])
(C:\work\lab\phd\workspace\bipartite\related.tex [2] [3])
(C:\work\lab\phd\workspace\bipartite\ubnetworks.tex [4]
<./figures/example_weighted.png, id=120, 386.6445pt x 198.7425pt>
File: ./figures/example_weighted.png Graphic file (type png)

<use ./figures/example_weighted.png>
Package pdftex.def Info: ./figures/example_weighted.png used on input line 27.
(pdftex.def)             Requested size: 227.62204pt x 117.00232pt.
LaTeX Font Info:    Font shape `OT1/ptm/bx/n' in size <12> not available
(Font)              Font shape `OT1/ptm/b/n' tried instead on input line 49.
 [5 <C:/work/lab/phd/workspace/bipartite/figures/example_weighted.png>] [6]
<./figures/degrees_lastfm_users.png, id=148, 290.88675pt x 174.6525pt>
File: ./figures/degrees_lastfm_users.png Graphic file (type png)

<use ./figures/degrees_lastfm_users.png>
Package pdftex.def Info: ./figures/degrees_lastfm_users.png used on input line 
143.
(pdftex.def)             Requested size: 113.81102pt x 68.33272pt.

<./figures/degrees_twitter_users.png, id=150, 290.88675pt x 174.6525pt>
File: ./figures/degrees_twitter_users.png Graphic file (type png)

<use ./figures/degrees_twitter_users.png>
Package pdftex.def Info: ./figures/degrees_twitter_users.png used on input line
 146.
(pdftex.def)             Requested size: 113.81102pt x 68.33272pt.

<./figures/degrees_audioscrobbler_users.png, id=151, 290.2845pt x 174.6525pt>
File: ./figures/degrees_audioscrobbler_users.png Graphic file (type png)

<use ./figures/degrees_audioscrobbler_users.png>
Package pdftex.def Info: ./figures/degrees_audioscrobbler_users.png used on inp
ut line 149.
(pdftex.def)             Requested size: 113.81102pt x 68.47397pt.

<./figures/degrees_movielens_users.png, id=152, 290.2845pt x 174.05025pt>
File: ./figures/degrees_movielens_users.png Graphic file (type png)

<use ./figures/degrees_movielens_users.png>
Package pdftex.def Info: ./figures/degrees_movielens_users.png used on input li
ne 154.
(pdftex.def)             Requested size: 113.81102pt x 68.23784pt.

<./figures/degrees_delicious_users.png, id=153, 290.2845pt x 174.6525pt>
File: ./figures/degrees_delicious_users.png Graphic file (type png)

<use ./figures/degrees_delicious_users.png>
Package pdftex.def Info: ./figures/degrees_delicious_users.png used on input li
ne 157.
(pdftex.def)             Requested size: 113.81102pt x 68.47397pt.
 [7 <C:/work/lab/phd/workspace/bipartite/figures/degrees_lastfm_users.png> <C:/
work/lab/phd/workspace/bipartite/figures/degrees_twitter_users.png> <C:/work/la
b/phd/workspace/bipartite/figures/degrees_audioscrobbler_users.png> <C:/work/la
b/phd/workspace/bipartite/figures/degrees_movielens_users.png> <C:/work/lab/phd
/workspace/bipartite/figures/degrees_delicious_users.png>]
<./figures/degrees_lastfm_objects.png, id=179, 290.88675pt x 174.6525pt>
File: ./figures/degrees_lastfm_objects.png Graphic file (type png)

<use ./figures/degrees_lastfm_objects.png>
Package pdftex.def Info: ./figures/degrees_lastfm_objects.png used on input lin
e 181.
(pdftex.def)             Requested size: 113.81102pt x 68.33272pt.

<./figures/degrees_twitter_objects.png, id=180, 290.88675pt x 174.6525pt>
File: ./figures/degrees_twitter_objects.png Graphic file (type png)

<use ./figures/degrees_twitter_objects.png>
Package pdftex.def Info: ./figures/degrees_twitter_objects.png used on input li
ne 184.
(pdftex.def)             Requested size: 113.81102pt x 68.33272pt.

<./figures/degrees_audioscrobbler_objects.png, id=181, 290.2845pt x 174.05025pt
>
File: ./figures/degrees_audioscrobbler_objects.png Graphic file (type png)
 <use ./figures/degrees_audioscrobbler_objects.png>
Package pdftex.def Info: ./figures/degrees_audioscrobbler_objects.png used on i
nput line 187.
(pdftex.def)             Requested size: 113.81102pt x 68.23784pt.

<./figures/degrees_movielens_objects.png, id=182, 289.68225pt x 174.6525pt>
File: ./figures/degrees_movielens_objects.png Graphic file (type png)

<use ./figures/degrees_movielens_objects.png>
Package pdftex.def Info: ./figures/degrees_movielens_objects.png used on input 
line 192.
(pdftex.def)             Requested size: 113.81102pt x 68.61787pt.

<./figures/degrees_delicious_objects.png, id=183, 290.2845pt x 174.05025pt>
File: ./figures/degrees_delicious_objects.png Graphic file (type png)

<use ./figures/degrees_delicious_objects.png>
Package pdftex.def Info: ./figures/degrees_delicious_objects.png used on input 
line 195.
(pdftex.def)             Requested size: 113.81102pt x 68.23784pt.
 [8 <C:/work/lab/phd/workspace/bipartite/figures/degrees_lastfm_objects.png> <C
:/work/lab/phd/workspace/bipartite/figures/degrees_twitter_objects.png> <C:/wor
k/lab/phd/workspace/bipartite/figures/degrees_audioscrobbler_objects.png> <C:/w
ork/lab/phd/workspace/bipartite/figures/degrees_movielens_objects.png> <C:/work
/lab/phd/workspace/bipartite/figures/degrees_delicious_objects.png>]
Overfull \hbox (5.56488pt too wide) in paragraph at lines 237--245
\OT1/ptm/m/n/12 struc-ture ([]New-man & Gir-van[], []2004[]) is an-other prop-e
rty of user-object or consumer-
 []


LaTeX Warning: `!h' float specifier changed to `!ht'.

[9]) (C:\work\lab\phd\workspace\bipartite\tfidf.tex
LaTeX Font Info:    Font shape `OT1/ptm/bx/it' in size <17.28> not available
(Font)              Font shape `OT1/ptm/b/it' tried instead on input line 3.
Missing character: There is no – in font ptmri7t!
 [10] [11]
<./figures/example_weighted_tfidf.png, id=262, 386.04225pt x 200.54926pt>
File: ./figures/example_weighted_tfidf.png Graphic file (type png)

<use ./figures/example_weighted_tfidf.png>
Package pdftex.def Info: ./figures/example_weighted_tfidf.png used on input lin
e 75.
(pdftex.def)             Requested size: 170.71652pt x 88.6887pt.

<./figures/example_rm_weighted.png, id=263, 355.92975pt x 186.6975pt>
File: ./figures/example_rm_weighted.png Graphic file (type png)

<use ./figures/example_rm_weighted.png>
Package pdftex.def Info: ./figures/example_rm_weighted.png used on input line 7
7.
(pdftex.def)             Requested size: 170.71652pt x 89.54825pt.
)
(C:\work\lab\phd\workspace\bipartite\eval.tex
<./figures/southern_tfidf.png, id=273, 1048.51724pt x 309.5565pt>
File: ./figures/southern_tfidf.png Graphic file (type png)

<use ./figures/southern_tfidf.png>
Package pdftex.def Info: ./figures/southern_tfidf.png used on input line 15.
(pdftex.def)             Requested size: 398.33858pt x 117.59962pt.

<./figures/southern_rm.png, id=274, 1044.3015pt x 313.17pt>
File: ./figures/southern_rm.png Graphic file (type png)

<use ./figures/southern_rm.png>
Package pdftex.def Info: ./figures/southern_rm.png used on input line 21.
(pdftex.def)             Requested size: 398.33858pt x 119.45502pt.

Overfull \hbox (20.33858pt too wide) in paragraph at lines 13--24
 [][][] 
 []

[12 <C:/work/lab/phd/workspace/bipartite/figures/example_weighted_tfidf.png> <C
:/work/lab/phd/workspace/bipartite/figures/example_rm_weighted.png>]
Overfull \hbox (2.57721pt too wide) in paragraph at lines 28--33
 []\OT1/ptm/b/n/12 Southern women[] []\OT1/ptm/m/n/12 The South-ern women data 
was col-lected by []Davis \OT1/ptm/m/it/12 et al.[] \OT1/ptm/m/n/12 ([]1941[])
 []

[13 <C:/work/lab/phd/workspace/bipartite/figures/southern_tfidf.png> <C:/work/l
ab/phd/workspace/bipartite/figures/southern_rm.png>]
<./figures/lastfm_cmp_edges.png, id=303, 376.40625pt x 203.5605pt>
File: ./figures/lastfm_cmp_edges.png Graphic file (type png)

<use ./figures/lastfm_cmp_edges.png>
Package pdftex.def Info: ./figures/lastfm_cmp_edges.png used on input line 58.
(pdftex.def)             Requested size: 170.71652pt x 92.32509pt.

<./figures/twitter_cmp_edges.png, id=304, 377.0085pt x 202.95825pt>
File: ./figures/twitter_cmp_edges.png Graphic file (type png)

<use ./figures/twitter_cmp_edges.png>
Package pdftex.def Info: ./figures/twitter_cmp_edges.png used on input line 60.

(pdftex.def)             Requested size: 170.71652pt x 91.90329pt.

<./figures/audioscrobbler_cmp_edges.png, id=305, 377.0085pt x 203.5605pt>
File: ./figures/audioscrobbler_cmp_edges.png Graphic file (type png)

<use ./figures/audioscrobbler_cmp_edges.png>
Package pdftex.def Info: ./figures/audioscrobbler_cmp_edges.png used on input l
ine 62.
(pdftex.def)             Requested size: 170.71652pt x 92.176pt.

<./figures/movielens_cmp_edges.png, id=306, 377.0085pt x 203.5605pt>
File: ./figures/movielens_cmp_edges.png Graphic file (type png)

<use ./figures/movielens_cmp_edges.png>
Package pdftex.def Info: ./figures/movielens_cmp_edges.png used on input line 6
4.
(pdftex.def)             Requested size: 170.71652pt x 92.176pt.

<./figures/delicious_cmp_edges.png, id=307, 377.0085pt x 203.5605pt>
File: ./figures/delicious_cmp_edges.png Graphic file (type png)

<use ./figures/delicious_cmp_edges.png>
Package pdftex.def Info: ./figures/delicious_cmp_edges.png used on input line 6
7.
(pdftex.def)             Requested size: 170.71652pt x 92.176pt.
 [14 <C:/work/lab/phd/workspace/bipartite/figures/lastfm_cmp_edges.png> <C:/wor
k/lab/phd/workspace/bipartite/figures/twitter_cmp_edges.png> <C:/work/lab/phd/w
orkspace/bipartite/figures/audioscrobbler_cmp_edges.png> <C:/work/lab/phd/works
pace/bipartite/figures/movielens_cmp_edges.png> <C:/work/lab/phd/workspace/bipa
rtite/figures/delicious_cmp_edges.png>]
<./figures/lastfm_cmp_density_users.png, id=330, 377.0085pt x 203.5605pt>
File: ./figures/lastfm_cmp_density_users.png Graphic file (type png)

<use ./figures/lastfm_cmp_density_users.png>
Package pdftex.def Info: ./figures/lastfm_cmp_density_users.png used on input l
ine 118.
(pdftex.def)             Requested size: 170.71652pt x 92.176pt.

<./figures/twitter_cmp_density_users.png, id=331, 376.40625pt x 203.5605pt>
File: ./figures/twitter_cmp_density_users.png Graphic file (type png)

<use ./figures/twitter_cmp_density_users.png>
Package pdftex.def Info: ./figures/twitter_cmp_density_users.png used on input 
line 120.
(pdftex.def)             Requested size: 170.71652pt x 92.32509pt.

<./figures/audioscrobbler_cmp_density_users.png, id=332, 376.40625pt x 203.5605
pt>
File: ./figures/audioscrobbler_cmp_density_users.png Graphic file (type png)
 <use ./figures/audioscrobbler_cmp_density_users.png>
Package pdftex.def Info: ./figures/audioscrobbler_cmp_density_users.png used on
 input line 122.
(pdftex.def)             Requested size: 170.71652pt x 92.32509pt.

<./figures/movielens_cmp_density_users.png, id=333, 377.0085pt x 203.5605pt>
File: ./figures/movielens_cmp_density_users.png Graphic file (type png)

<use ./figures/movielens_cmp_density_users.png>
Package pdftex.def Info: ./figures/movielens_cmp_density_users.png used on inpu
t line 124.
(pdftex.def)             Requested size: 170.71652pt x 92.176pt.

<./figures/delicious_cmp_density_users.png, id=334, 376.40625pt x 202.95825pt>
File: ./figures/delicious_cmp_density_users.png Graphic file (type png)

<use ./figures/delicious_cmp_density_users.png>
Package pdftex.def Info: ./figures/delicious_cmp_density_users.png used on inpu
t line 127.
(pdftex.def)             Requested size: 170.71652pt x 92.05194pt.
 [15]
<./figures/lastfm_cmp_mod_users.png, id=341, 376.40625pt x 202.95825pt>
File: ./figures/lastfm_cmp_mod_users.png Graphic file (type png)

<use ./figures/lastfm_cmp_mod_users.png>
Package pdftex.def Info: ./figures/lastfm_cmp_mod_users.png used on input line 
151.
(pdftex.def)             Requested size: 170.71652pt x 92.05194pt.

<./figures/twitter_cmp_mod_users.png, id=342, 377.0085pt x 203.5605pt>
File: ./figures/twitter_cmp_mod_users.png Graphic file (type png)

<use ./figures/twitter_cmp_mod_users.png>
Package pdftex.def Info: ./figures/twitter_cmp_mod_users.png used on input line
 153.
(pdftex.def)             Requested size: 170.71652pt x 92.176pt.

<./figures/audioscrobbler_cmp_mod_users.png, id=343, 377.0085pt x 202.95825pt>
File: ./figures/audioscrobbler_cmp_mod_users.png Graphic file (type png)

<use ./figures/audioscrobbler_cmp_mod_users.png>
Package pdftex.def Info: ./figures/audioscrobbler_cmp_mod_users.png used on inp
ut line 155.
(pdftex.def)             Requested size: 170.71652pt x 91.90329pt.

<./figures/movielens_cmp_mod_users.png, id=344, 376.40625pt x 202.95825pt>
File: ./figures/movielens_cmp_mod_users.png Graphic file (type png)

<use ./figures/movielens_cmp_mod_users.png>
Package pdftex.def Info: ./figures/movielens_cmp_mod_users.png used on input li
ne 157.
(pdftex.def)             Requested size: 170.71652pt x 92.05194pt.

<./figures/delicious_cmp_mod_users.png, id=345, 376.40625pt x 202.95825pt>
File: ./figures/delicious_cmp_mod_users.png Graphic file (type png)

<use ./figures/delicious_cmp_mod_users.png>
Package pdftex.def Info: ./figures/delicious_cmp_mod_users.png used on input li
ne 160.
(pdftex.def)             Requested size: 170.71652pt x 92.05194pt.
 [16 <C:/work/lab/phd/workspace/bipartite/figures/lastfm_cmp_density_users.png>
 <C:/work/lab/phd/workspace/bipartite/figures/twitter_cmp_density_users.png> <C
:/work/lab/phd/workspace/bipartite/figures/audioscrobbler_cmp_density_users.png
> <C:/work/lab/phd/workspace/bipartite/figures/movielens_cmp_density_users.png>
 <C:/work/lab/phd/workspace/bipartite/figures/delicious_cmp_density_users.png>]
)
(C:\work\lab\phd\workspace\bipartite\conclusion.tex [17 <C:/work/lab/phd/worksp
ace/bipartite/figures/lastfm_cmp_mod_users.png> <C:/work/lab/phd/workspace/bipa
rtite/figures/twitter_cmp_mod_users.png> <C:/work/lab/phd/workspace/bipartite/f
igures/audioscrobbler_cmp_mod_users.png> <C:/work/lab/phd/workspace/bipartite/f
igures/movielens_cmp_mod_users.png> <C:/work/lab/phd/workspace/bipartite/figure
s/delicious_cmp_mod_users.png>])
(C:\work\lab\phd\workspace\bipartite\bipartite.bbl [18] [19]
Missing character: There is no “ in font ptmr7t!
Missing character: There is no ” in font ptmr7t!
 [20]
Missing character: There is no ü in font ptmr7t!
)
Package atveryend Info: Empty hook `BeforeClearDocument' on input line 51.
 [21]
Package atveryend Info: Empty hook `AfterLastShipout' on input line 51.

(C:\work\lab\phd\workspace\bipartite\bipartite.aux)
Package atveryend Info: Executing hook `AtVeryEndDocument' on input line 51.
Package atveryend Info: Executing hook `AtEndAfterFileList' on input line 51.
Package rerunfilecheck Info: File `bipartite.out' has not changed.
(rerunfilecheck)             Checksum: 0DC27FD0AA2C773143EB0AA0CAECDD3D;326.
Package atveryend Info: Empty hook `AtVeryVeryEnd' on input line 51.
 ) 
Here is how much of TeX's memory you used:
 7651 strings out of 494045
 118831 string characters out of 3148360
 207638 words of memory out of 3000000
 10691 multiletter control sequences out of 15000+200000
 32035 words of font info for 73 fonts, out of 3000000 for 9000
 719 hyphenation exceptions out of 8191
 44i,17n,46p,288b,480s stack positions out of 5000i,500n,10000p,200000b,50000s
{C:/Program Files/MiKTeX 2.9/fonts/enc/dvips/fontname/8r.enc}<C:/Program File
s/MiKTeX 2.9/fonts/type1/public/amsfonts/cm/cmmi10.pfb><C:/Program Files/MiKTeX
 2.9/fonts/type1/public/amsfonts/cm/cmmi12.pfb><C:/Program Files/MiKTeX 2.9/fon
ts/type1/public/amsfonts/cm/cmmi6.pfb><C:/Program Files/MiKTeX 2.9/fonts/type1/
public/amsfonts/cm/cmmi8.pfb><C:/Program Files/MiKTeX 2.9/fonts/type1/public/am
sfonts/cm/cmr10.pfb><C:/Program Files/MiKTeX 2.9/fonts/type1/public/amsfonts/cm
/cmr12.pfb><C:/Program Files/MiKTeX 2.9/fonts/type1/public/amsfonts/cm/cmr8.pfb
><C:/Program Files/MiKTeX 2.9/fonts/type1/public/amsfonts/cm/cmsy10.pfb><C:/Pro
gram Files/MiKTeX 2.9/fonts/type1/public/amsfonts/cm/cmsy8.pfb><C:/Program File
s/MiKTeX 2.9/fonts/type1/urw/courier/ucrr8a.pfb><C:/Program Files/MiKTeX 2.9/fo
nts/type1/urw/times/utmb8a.pfb><C:/Program Files/MiKTeX 2.9/fonts/type1/urw/tim
es/utmbi8a.pfb><C:/Program Files/MiKTeX 2.9/fonts/type1/urw/times/utmr8a.pfb><C
:/Program Files/MiKTeX 2.9/fonts/type1/urw/times/utmri8a.pfb>
Output written on bipartite.pdf (21 pages, 650314 bytes).
PDF statistics:
 467 PDF objects out of 1000 (max. 8388607)
 114 named destinations out of 1000 (max. 500000)
 199 words of extra memory for PDF output out of 10000 (max. 10000000)

